[handleMsg]:  {
  key: {
    remoteJid: '5215540581926@s.whatsapp.net',
    fromMe: false,
    id: '3EB04CAE920BE5412A8C09',
    participant: undefined
  },
  messageTimestamp: 1713764082,
  pushName: 'Isolde',
  broadcast: false,
  message: Message {
    extendedTextMessage: ExtendedTextMessage {
      text: 'https://www.facebook.com/share/p/NqG4nw2RmTjHUYzw/?mibextid=qi2Omg',
      matchedText: 'https://www.facebook.com/share/p/NqG4nw2RmTjHUYzw/?mibextid=qi2Omg',
      canonicalUrl: 'https://www.facebook.com/share/p/NqG4nw2RmTjHUYzw/?mibextid=qi2Omg',
      description: '🌱Pasto sintético calidad premium 🌱 🚚Entrega inmediata🚚 desde $235 el m2',
      title: 'Follaje y muros verdes',
      previewType: 0,
      jpegThumbnail: [Uint8Array],
      contextInfo: [ContextInfo],
      thumbnailDirectPath: '/v/t62.36144-24/17612354_1117964899253724_4645651163179420794_n.enc?ccb=11-4&oh=01_Q5AaICj2SaM2y3GWbgdGJRFahL1SOpGB8JzLc4Jp4NbFioqO&oe=664D82F2&_nc_sid=5e03e0',
      thumbnailSha256: [Uint8Array],
      thumbnailEncSha256: [Uint8Array],
      mediaKey: [Uint8Array],
      mediaKeyTimestamp: [Long],
      thumbnailHeight: 667,
      thumbnailWidth: 600,
      inviteLinkGroupTypeV2: 0
    },
    messageContextInfo: MessageContextInfo {
      deviceListMetadata: [DeviceListMetadata],
      deviceListMetadataVersion: 2,
      messageSecret: [Uint8Array]
    }
  },
  body: 'https://www.facebook.com/share/p/NqG4nw2RmTjHUYzw/?mibextid=qi2Omg',
  from: '5215540581926'
}
[QUEUE_SE_ENVIO]:  {
  ref: 'ans_8a63fb98-6087-4b83-831f-43c35987e948',
  keyword: 'key_e94a43c9-6249-46b8-b2a2-09efaf7443fe',
  answer: '🔰Lambrin calidad Exclusive\n' +
    '‼️Remate $699‼️  Pieza de 2.90 x 16 cm ⬇️\n' +
    'Estamos ubicados en Cancún Quintana Roo 📍\n' +
    '✅ Todo el material lo tenemos para entrega inmediata y a domicilio, con pagos a contraentrega para la seguridad del cliente 🤝\n' +
    'Igualmente te comparto fotos y el catálogo de los modelo que tenemos para entrega inmediata 👍',
  options: {
    media: 'https://i.ibb.co/FqJD75f/Whats-App-Image-2024-04-19-at-5-41-57-PM.jpg',
    buttons: [],
    capture: false,
    child: null,
    delay: 0,
    idle: null,
    ref: null,
    nested: [ [Object], [Object] ],
    keyword: {},
    callback: false
  },
  refSerialize: '5d8e3716cd88987bfc1d312c866eb45c'
}
[QUEUE_SE_ENVIO]:  {
  ref: 'ans_2886976c-4158-4624-99ce-35bb8aced8b6',
  keyword: 'ans_8a63fb98-6087-4b83-831f-43c35987e948',
  answer: ' ',
  options: {
    media: 'https://i.ibb.co/PzMCJ1r/Whats-App-Image-2024-04-19-at-5-41-57-PM-4.jpg',
    buttons: [],
    capture: false,
    child: null,
    delay: 0,
    idle: null,
    ref: null,
    nested: [],
    keyword: {},
    callback: false
  },
  refSerialize: '10ab53745984f84827147d610d59e3c6'
}
[QUEUE_SE_ENVIO]:  {
  ref: 'ans_1eb3b3e6-f41f-4388-808a-5d66da4582a3',
  keyword: 'ans_2886976c-4158-4624-99ce-35bb8aced8b6',
  answer: ' ',
  options: {
    media: 'https://i.ibb.co/QdFRd7f/Whats-App-Image-2024-04-19-at-5-41-57-PM-3.jpg ',
    buttons: [],
    capture: false,
    child: null,
    delay: 0,
    idle: null,
    ref: null,
    nested: [],
    keyword: {},
    callback: false
  },
  refSerialize: '33d8bdd5a6a97bd8da3e358d2123fe66'
}
[QUEUE_SE_ENVIO]:  {
  ref: 'ans_6d06e13b-dc5e-4d13-b53e-d699e0e12525',
  keyword: 'ans_1eb3b3e6-f41f-4388-808a-5d66da4582a3',
  answer: ' ',
  options: {
    media: 'https://i.ibb.co/sKTSZ6T/Whats-App-Image-2024-04-19-at-5-41-58-PM-1.jpg',
    buttons: [],
    capture: false,
    child: null,
    delay: 0,
    idle: null,
    ref: null,
    nested: [],
    keyword: {},
    callback: false
  },
  refSerialize: '95d47d6c236001721a6feed97186c11f'
}
[QUEUE_SE_ENVIO]:  {
  ref: 'ans_8a634d9d-2ad3-4fa2-bed3-73fae6560f07',
  keyword: 'ans_6d06e13b-dc5e-4d13-b53e-d699e0e12525',
  answer: ' ',
  options: {
    media: 'https://i.ibb.co/CVBrrdB/Whats-App-Image-2024-04-19-at-5-41-58-PM-2.jpg',
    buttons: [],
    capture: false,
    child: null,
    delay: 0,
    idle: null,
    ref: null,
    nested: [],
    keyword: {},
    callback: false
  },
  refSerialize: 'ad2b55f4cdbdd6d4b06d81a297204471'
}
[QUEUE_SE_ENVIO]:  {
  ref: 'ans_64e6413c-7e37-4237-9176-a2becbf1a4a5',
  keyword: 'ans_8a634d9d-2ad3-4fa2-bed3-73fae6560f07',
  answer: ' ',
  options: {
    media: 'https://i.ibb.co/wd9MncF/Whats-App-Image-2024-04-19-at-5-41-58-PM.jpg',
    buttons: [],
    capture: false,
    child: null,
    delay: 0,
    idle: null,
    ref: null,
    nested: [],
    keyword: {},
    callback: false
  },
  refSerialize: '6f73b086ee67477c63affcb7e5acd5c4'
}
[QUEUE_SE_ENVIO]:  {
  ref: 'ans_38d9cba1-c4c7-4507-95f0-67517774da5b',
  keyword: 'ans_64e6413c-7e37-4237-9176-a2becbf1a4a5',
  answer: ' ',
  options: {
    media: 'https://i.ibb.co/M2mqTtR/Whats-App-Image-2024-04-19-at-5-41-57-PM-1.jpg',
    buttons: [],
    capture: false,
    child: null,
    delay: 0,
    idle: null,
    ref: null,
    nested: [],
    keyword: {},
    callback: false
  },
  refSerialize: '777776106b050fa4dd9d15ff2241d295'
}
